app/build/outputs/logs/manifest-merger-debug-report.txt
-- Merging decision tree log ---
manifest
ADDED from src/main/AndroidManifest.xml:2:1-63:12
	package
		ADDED from src/main/AndroidManifest.xml:3:2-45
		INJECTED from src/main/AndroidManifest.xml
		INJECTED from src/main/AndroidManifest.xml
	android:versionName
		ADDED from src/main/AndroidManifest.xml:5:2-29
		INJECTED from src/main/AndroidManifest.xml
		INJECTED from src/main/AndroidManifest.xml
	android:versionCode
		ADDED from src/main/AndroidManifest.xml:4:2-27
		INJECTED from src/main/AndroidManifest.xml
		INJECTED from src/main/AndroidManifest.xml
	xmlns:android
		ADDED from src/main/AndroidManifest.xml:2:11-69
uses-sdk
ADDED from src/main/AndroidManifest.xml:7:2-9:35
MERGED from [com.android.support:support-v4:23.2.0] AndroidManifest.xml:20:5-43
	android:targetSdkVersion
		ADDED from src/main/AndroidManifest.xml:9:3-32
		INJECTED from src/main/AndroidManifest.xml
		INJECTED from src/main/AndroidManifest.xml
	android:minSdkVersion
		ADDED from src/main/AndroidManifest.xml:8:3-28
		INJECTED from src/main/AndroidManifest.xml
		INJECTED from src/main/AndroidManifest.xml
supports-screens
ADDED from src/main/AndroidManifest.xml:11:2-16:33
	android:largeScreens
		ADDED from src/main/AndroidManifest.xml:13:3-30
	android:smallScreens
		ADDED from src/main/AndroidManifest.xml:16:3-30
	android:normalScreens
		ADDED from src/main/AndroidManifest.xml:14:3-31
	android:resizeable
		ADDED from src/main/AndroidManifest.xml:15:3-28
	android:anyDensity
		ADDED from src/main/AndroidManifest.xml:12:3-28
uses-permission#android.permission.READ_PHONE_STATE
ADDED from src/main/AndroidManifest.xml:18:2-72
	android:name
		ADDED from src/main/AndroidManifest.xml:18:19-69
uses-permission#android.permission.INTERNET
ADDED from src/main/AndroidManifest.xml:19:2-64
	android:name
		ADDED from src/main/AndroidManifest.xml:19:19-61
uses-permission#android.permission.WRITE_EXTERNAL_STORAGE
ADDED from src/main/AndroidManifest.xml:20:2-78
	android:name
		ADDED from src/main/AndroidManifest.xml:20:19-75
uses-permission#android.permission.READ_EXTERNAL_STORAGE
ADDED from src/main/AndroidManifest.xml:21:2-77
	android:name
		ADDED from src/main/AndroidManifest.xml:21:19-74
application
ADDED from src/main/AndroidManifest.xml:23:2-61:16
MERGED from [com.android.support:support-v4:23.2.0] AndroidManifest.xml:22:5-20
	android:label
		ADDED from src/main/AndroidManifest.xml:27:3-35
	android:allowBackup
		ADDED from src/main/AndroidManifest.xml:25:3-30
	android:icon
		ADDED from src/main/AndroidManifest.xml:26:3-39
	android:theme
		ADDED from src/main/AndroidManifest.xml:28:3-34
	android:name
		ADDED from src/main/AndroidManifest.xml:24:3-27
activity#com.glitchtechscience.gtcheckbook.MainActivity
ADDED from src/main/AndroidManifest.xml:29:3-39:14
	android:label
		ADDED from src/main/AndroidManifest.xml:32:4-36
	android:configChanges
		ADDED from src/main/AndroidManifest.xml:31:4-81
	android:name
		ADDED from src/main/AndroidManifest.xml:30:4-32
intent-filter#android.intent.action.MAIN+android.intent.category.LAUNCHER+android.intent.category.MULTIWINDOW_LAUNCHER
ADDED from src/main/AndroidManifest.xml:33:4-38:20
action#android.intent.action.MAIN
ADDED from src/main/AndroidManifest.xml:34:5-57
	android:name
		ADDED from src/main/AndroidManifest.xml:34:13-54
category#android.intent.category.LAUNCHER
ADDED from src/main/AndroidManifest.xml:36:5-65
	android:name
		ADDED from src/main/AndroidManifest.xml:36:15-62
category#android.intent.category.MULTIWINDOW_LAUNCHER
ADDED from src/main/AndroidManifest.xml:37:5-77
	android:name
		ADDED from src/main/AndroidManifest.xml:37:15-74
uses-library#com.sec.android.app.multiwindow
ADDED from src/main/AndroidManifest.xml:41:3-44:18
	android:required
		ADDED from src/main/AndroidManifest.xml:43:4-28
	android:name
		ADDED from src/main/AndroidManifest.xml:42:4-50
meta-data#com.sec.android.support.multiwindow
ADDED from src/main/AndroidManifest.xml:46:3-48:27
	android:value
		ADDED from src/main/AndroidManifest.xml:48:4-24
	android:name
		ADDED from src/main/AndroidManifest.xml:47:4-54
meta-data#com.sec.android.multiwindow.DEFAULT_SIZE_W
ADDED from src/main/AndroidManifest.xml:49:3-51:50
	android:resource
		ADDED from src/main/AndroidManifest.xml:51:4-47
	android:name
		ADDED from src/main/AndroidManifest.xml:50:4-61
meta-data#com.sec.android.multiwindow.DEFAULT_SIZE_H
ADDED from src/main/AndroidManifest.xml:52:3-54:50
	android:resource
		ADDED from src/main/AndroidManifest.xml:54:4-47
	android:name
		ADDED from src/main/AndroidManifest.xml:53:4-61
meta-data#com.sec.android.multiwindow.MINIMUM_SIZE_W
ADDED from src/main/AndroidManifest.xml:55:3-57:50
	android:resource
		ADDED from src/main/AndroidManifest.xml:57:4-47
	android:name
		ADDED from src/main/AndroidManifest.xml:56:4-61
meta-data#com.sec.android.multiwindow.MINIMUM_SIZE_H
ADDED from src/main/AndroidManifest.xml:58:3-60:50
	android:resource
		ADDED from src/main/AndroidManifest.xml:60:4-47
	android:name
		ADDED from src/main/AndroidManifest.xml:59:4-61